#
# There is insufficient memory for the Java Runtime Environment to continue.
# Native memory allocation (malloc) failed to allocate 1195408 bytes. Error detail: Chunk::new
# Possible reasons:
#   The system is out of physical RAM or swap space
#   This process is running with CompressedOops enabled, and the Java Heap may be blocking the growth of the native heap
# Possible solutions:
#   Reduce memory load on the system
#   Increase physical memory or swap space
#   Check if swap backing store is full
#   Decrease Java heap size (-Xmx/-Xms)
#   Decrease number of Java threads
#   Decrease Java thread stack sizes (-Xss)
#   Set larger code cache with -XX:ReservedCodeCacheSize=
#   JVM is running with Unscaled Compressed Oops mode in which the Java heap is
#     placed in the first 4GB address space. The Java Heap base address is the
#     maximum limit for the native heap growth. Please use -XX:HeapBaseMinAddress
#     to set the Java Heap base and to place the Java Heap above 4GB virtual address.
# This output file may be truncated or incomplete.
#
#  Out of Memory Error (arena.cpp:168), pid=11844, tid=23132
#
# JRE version: OpenJDK Runtime Environment Temurin-21.0.5+11 (21.0.5+11) (build 21.0.5+11-LTS)
# Java VM: OpenJDK 64-Bit Server VM Temurin-21.0.5+11 (21.0.5+11-LTS, mixed mode, sharing, tiered, compressed oops, compressed class ptrs, parallel gc, windows-amd64)
# No core dump will be written. Minidumps are not enabled by default on client versions of Windows
#

---------------  S U M M A R Y ------------

Command Line: --add-modules=ALL-SYSTEM --add-opens=java.base/java.util=ALL-UNNAMED --add-opens=java.base/java.lang=ALL-UNNAMED --add-opens=java.base/sun.nio.fs=ALL-UNNAMED -Declipse.application=org.eclipse.jdt.ls.core.id1 -Dosgi.bundles.defaultStartLevel=4 -Declipse.product=org.eclipse.jdt.ls.core.product -Djava.import.generatesMetadataFilesAtProjectRoot=false -DDetectVMInstallationsJob.disabled=true -Dfile.encoding=utf8 -XX:+UseParallelGC -XX:GCTimeRatio=4 -XX:AdaptiveSizePolicyWeight=90 -Dsun.zip.disableMemoryMapping=true -Xmx1G -Xms100m -Xlog:disable -javaagent:c:\Users\Admin\.vscode\extensions\redhat.java-1.39.0-win32-x64\lombok\lombok-1.18.34.jar c:\Users\Admin\.vscode\extensions\redhat.java-1.39.0-win32-x64\server\plugins\org.eclipse.equinox.launcher_1.6.900.v20240613-2009.jar -configuration c:\Users\Admin\AppData\Roaming\Code\User\globalStorage\redhat.java\1.39.0\config_ss_win -data c:\Users\Admin\AppData\Roaming\Code\User\workspaceStorage\670e349c8996c9bc577c9f0ae57ce46b\redhat.java\ss_ws --pipe=\\.\pipe\lsp-df179cf3ce37cdb730470220829671f7-sock

Host: Intel(R) Core(TM) i5-8365U CPU @ 1.60GHz, 8 cores, 7G,  Windows 11 , 64 bit Build 22621 (10.0.22621.4391)
Time: Sun Feb  2 10:55:27 2025 South Africa Standard Time elapsed time: 5.508043 seconds (0d 0h 0m 5s)

---------------  T H R E A D  ---------------

Current thread (0x000002116ab11a40):  JavaThread "C2 CompilerThread0" daemon [_thread_in_native, id=23132, stack(0x0000008ddc200000,0x0000008ddc300000) (1024K)]


Current CompileTask:
C2:5508 2695       4       org.lombokweb.asm.ClassReader::readMethod (1066 bytes)

Stack: [0x0000008ddc200000,0x0000008ddc300000]
Native frames: (J=compiled Java code, j=interpreted, Vv=VM code, C=native code)
V  [jvm.dll+0x6cd4e9]
V  [jvm.dll+0x8a7941]
V  [jvm.dll+0x8a9e6e]
V  [jvm.dll+0x8aa543]
V  [jvm.dll+0x27f6d6]
V  [jvm.dll+0xc500d]
V  [jvm.dll+0xc5543]
V  [jvm.dll+0x3b660c]
V  [jvm.dll+0x382835]
V  [jvm.dll+0x381c9a]
V  [jvm.dll+0x2479d0]
V  [jvm.dll+0x246faf]
V  [jvm.dll+0x1c75ce]
V  [jvm.dll+0x25682a]
V  [jvm.dll+0x254dca]
V  [jvm.dll+0x3f00d6]
V  [jvm.dll+0x8514fb]
V  [jvm.dll+0x6cbbed]
C  [ucrtbase.dll+0x29333]
C  [KERNEL32.DLL+0x1259d]
C  [ntdll.dll+0x5af38]


---------------  P R O C E S S  ---------------

Threads class SMR info:
_java_thread_list=0x00000211720fa220, length=22, elements={
0x00000211565ee810, 0x000002116aafebb0, 0x000002116ab023c0, 0x000002116ab043e0,
0x000002116ab05d80, 0x000002116ab086f0, 0x000002116ab0d5e0, 0x000002116ab11a40,
0x000002116ab29f70, 0x000002116c696fa0, 0x000002116c8c9f90, 0x000002117176d8d0,
0x0000021171d342d0, 0x0000021171d34930, 0x00000211719b57b0, 0x000002117153a7b0,
0x0000021171ba2130, 0x00000211716a65f0, 0x0000021171e08af0, 0x0000021171df4010,
0x0000021171dfc5c0, 0x0000021172647740
}

Java Threads: ( => current thread )
  0x00000211565ee810 JavaThread "main"                              [_thread_blocked, id=6632, stack(0x0000008ddb800000,0x0000008ddb900000) (1024K)]
  0x000002116aafebb0 JavaThread "Reference Handler"          daemon [_thread_blocked, id=19080, stack(0x0000008ddbc00000,0x0000008ddbd00000) (1024K)]
  0x000002116ab023c0 JavaThread "Finalizer"                  daemon [_thread_blocked, id=18528, stack(0x0000008ddbd00000,0x0000008ddbe00000) (1024K)]
  0x000002116ab043e0 JavaThread "Signal Dispatcher"          daemon [_thread_blocked, id=13296, stack(0x0000008ddbe00000,0x0000008ddbf00000) (1024K)]
  0x000002116ab05d80 JavaThread "Attach Listener"            daemon [_thread_blocked, id=19716, stack(0x0000008ddbf00000,0x0000008ddc000000) (1024K)]
  0x000002116ab086f0 JavaThread "Service Thread"             daemon [_thread_blocked, id=18956, stack(0x0000008ddc000000,0x0000008ddc100000) (1024K)]
  0x000002116ab0d5e0 JavaThread "Monitor Deflation Thread"   daemon [_thread_blocked, id=19640, stack(0x0000008ddc100000,0x0000008ddc200000) (1024K)]
=>0x000002116ab11a40 JavaThread "C2 CompilerThread0"         daemon [_thread_in_native, id=23132, stack(0x0000008ddc200000,0x0000008ddc300000) (1024K)]
  0x000002116ab29f70 JavaThread "C1 CompilerThread0"         daemon [_thread_blocked, id=22952, stack(0x0000008ddc300000,0x0000008ddc400000) (1024K)]
  0x000002116c696fa0 JavaThread "Common-Cleaner"             daemon [_thread_blocked, id=9712, stack(0x0000008ddc400000,0x0000008ddc500000) (1024K)]
  0x000002116c8c9f90 JavaThread "Notification Thread"        daemon [_thread_blocked, id=22764, stack(0x0000008ddc600000,0x0000008ddc700000) (1024K)]
  0x000002117176d8d0 JavaThread "Active Thread: Equinox Container: 6d4cdbe3-8bee-4bda-9ddf-2753915c2ebd"        [_thread_blocked, id=10616, stack(0x0000008ddce00000,0x0000008ddcf00000) (1024K)]
  0x0000021171d342d0 JavaThread "Framework Event Dispatcher: Equinox Container: 6d4cdbe3-8bee-4bda-9ddf-2753915c2ebd" daemon [_thread_blocked, id=23112, stack(0x0000008ddc700000,0x0000008ddc800000) (1024K)]
  0x0000021171d34930 JavaThread "Start Level: Equinox Container: 6d4cdbe3-8bee-4bda-9ddf-2753915c2ebd" daemon [_thread_blocked, id=16808, stack(0x0000008ddcf00000,0x0000008ddd000000) (1024K)]
  0x00000211719b57b0 JavaThread "SCR Component Actor"        daemon [_thread_blocked, id=7028, stack(0x0000008ddc500000,0x0000008ddc600000) (1024K)]
  0x000002117153a7b0 JavaThread "SCR Component Registry"     daemon [_thread_blocked, id=19660, stack(0x0000008ddd100000,0x0000008ddd200000) (1024K)]
  0x0000021171ba2130 JavaThread "C2 CompilerThread1"         daemon [_thread_in_native, id=15052, stack(0x0000008ddd200000,0x0000008ddd300000) (1024K)]
  0x00000211716a65f0 JavaThread "Worker-JM"                         [_thread_blocked, id=12112, stack(0x0000008ddd400000,0x0000008ddd500000) (1024K)]
  0x0000021171e08af0 JavaThread "JNA Cleaner"                daemon [_thread_blocked, id=22808, stack(0x0000008ddd300000,0x0000008ddd400000) (1024K)]
  0x0000021171df4010 JavaThread "Worker-0"                          [_thread_blocked, id=10940, stack(0x0000008ddd500000,0x0000008ddd600000) (1024K)]
  0x0000021171dfc5c0 JavaThread "Worker-1"                          [_thread_blocked, id=8316, stack(0x0000008ddd600000,0x0000008ddd700000) (1024K)]
  0x0000021172647740 JavaThread "Java indexing"              daemon [_thread_blocked, id=22204, stack(0x0000008ddd700000,0x0000008ddd800000) (1024K)]
Total: 22

Other Threads:
  0x000002116aae2cd0 VMThread "VM Thread"                           [id=22904, stack(0x0000008ddbb00000,0x0000008ddbc00000) (1024K)]
  0x000002116aa1ca00 WatcherThread "VM Periodic Task Thread"        [id=11860, stack(0x0000008ddba00000,0x0000008ddbb00000) (1024K)]
  0x000002115660da50 WorkerThread "GC Thread#0"                     [id=22768, stack(0x0000008ddb900000,0x0000008ddba00000) (1024K)]
  0x00000211716d0580 WorkerThread "GC Thread#1"                     [id=22788, stack(0x0000008ddc800000,0x0000008ddc900000) (1024K)]
  0x000002117156e6b0 WorkerThread "GC Thread#2"                     [id=22732, stack(0x0000008ddc900000,0x0000008ddca00000) (1024K)]
  0x0000021171060ee0 WorkerThread "GC Thread#3"                     [id=23212, stack(0x0000008ddca00000,0x0000008ddcb00000) (1024K)]
  0x0000021171061280 WorkerThread "GC Thread#4"                     [id=10720, stack(0x0000008ddcb00000,0x0000008ddcc00000) (1024K)]
  0x000002116c946720 WorkerThread "GC Thread#5"                     [id=3476, stack(0x0000008ddcc00000,0x0000008ddcd00000) (1024K)]
  0x000002116c946ac0 WorkerThread "GC Thread#6"                     [id=7648, stack(0x0000008ddcd00000,0x0000008ddce00000) (1024K)]
  0x000002117162bb50 WorkerThread "GC Thread#7"                     [id=2268, stack(0x0000008ddd000000,0x0000008ddd100000) (1024K)]
Total: 10

Threads with active compile tasks:
C2 CompilerThread0  5552 2695       4       org.lombokweb.asm.ClassReader::readMethod (1066 bytes)
C1 CompilerThread0  5552 2916       3       sun.util.locale.BaseLocale$Cache::createObject (8 bytes)
C2 CompilerThread1  5552 2842       4       java.util.regex.Matcher::search (154 bytes)
Total: 3

VM state: not at safepoint (normal execution)

VM Mutex/Monitor currently owned by a thread:  ([mutex/lock_event])
[0x00007ffbc1efbf00] MethodCompileQueue_lock - owner thread: 0x0000000000000000

Heap address: 0x00000000c0000000, size: 1024 MB, Compressed Oops mode: 32-bit

CDS archive(s) mapped at: [0x0000021100000000-0x0000021100ba0000-0x0000021100ba0000), size 12189696, SharedBaseAddress: 0x0000021100000000, ArchiveRelocationMode: 1.
Compressed class space mapped at: 0x0000021101000000-0x0000021141000000, reserved size: 1073741824
Narrow klass base: 0x0000021100000000, Narrow klass shift: 0, Narrow klass range: 0x100000000

GC Precious Log:
 CardTable entry size: 512
 CPUs: 8 total, 8 available
 Memory: 8006M
 Large Page Support: Disabled
 NUMA Support: Disabled
 Compressed Oops: Enabled (32-bit)
 Alignments: Space 512K, Generation 512K, Heap 2M
 Heap Min Capacity: 100M
 Heap Initial Capacity: 100M
 Heap Max Capacity: 1G
 Pre-touch: Disabled
 Parallel Workers: 8

Heap:
 PSYoungGen      total 27648K, used 3467K [0x00000000eab00000, 0x00000000ecb00000, 0x0000000100000000)
  eden space 24576K, 2% used [0x00000000eab00000,0x00000000eab859d0,0x00000000ec300000)
  from space 3072K, 95% used [0x00000000ec400000,0x00000000ec6dd5e0,0x00000000ec700000)
  to   space 4096K, 0% used [0x00000000ec700000,0x00000000ec700000,0x00000000ecb00000)
 ParOldGen       total 68608K, used 8470K [0x00000000c0000000, 0x00000000c4300000, 0x00000000eab00000)
  object space 68608K, 12% used [0x00000000c0000000,0x00000000c0845b38,0x00000000c4300000)
 Metaspace       used 22785K, committed 23488K, reserved 1114112K
  class space    used 2125K, committed 2432K, reserved 1048576K

Card table byte_map: [0x0000021155fc0000,0x00000211561d0000] _byte_map_base: 0x00000211559c0000

Marking Bits: (ParMarkBitMap*) 0x00007ffbc1f02250
 Begin Bits: [0x0000021168940000, 0x0000021169940000)
 End Bits:   [0x0000021169940000, 0x000002116a940000)

Polling page: 0x0000021155db0000

Metaspace:

Usage:
  Non-class:     20.18 MB used.
      Class:      2.08 MB used.
       Both:     22.25 MB used.

Virtual space:
  Non-class space:       64.00 MB reserved,      20.56 MB ( 32%) committed,  1 nodes.
      Class space:        1.00 GB reserved,       2.38 MB ( <1%) committed,  1 nodes.
             Both:        1.06 GB reserved,      22.94 MB (  2%) committed. 

Chunk freelists:
   Non-Class:  10.86 MB
       Class:  13.50 MB
        Both:  24.36 MB

MaxMetaspaceSize: unlimited
CompressedClassSpaceSize: 1.00 GB
Initial GC threshold: 21.00 MB
Current GC threshold: 35.00 MB
CDS: on
 - commit_granule_bytes: 65536.
 - commit_granule_words: 8192.
 - virtual_space_node_default_size: 8388608.
 - enlarge_chunks_in_place: 1.
 - use_allocation_guard: 0.


Internal statistics:

num_allocs_failed_limit: 3.
num_arena_births: 508.
num_arena_deaths: 14.
num_vsnodes_births: 2.
num_vsnodes_deaths: 0.
num_space_committed: 367.
num_space_uncommitted: 0.
num_chunks_returned_to_freelist: 17.
num_chunks_taken_from_freelist: 1355.
num_chunk_merges: 9.
num_chunk_splits: 897.
num_chunks_enlarged: 573.
num_inconsistent_stats: 0.

CodeHeap 'non-profiled nmethods': size=120000Kb used=1278Kb max_used=1278Kb free=118721Kb
 bounds [0x0000021161410000, 0x0000021161680000, 0x0000021168940000]
CodeHeap 'profiled nmethods': size=120000Kb used=5835Kb max_used=5835Kb free=114164Kb
 bounds [0x0000021159940000, 0x0000021159f00000, 0x0000021160e70000]
CodeHeap 'non-nmethods': size=5760Kb used=1341Kb max_used=1341Kb free=4418Kb
 bounds [0x0000021160e70000, 0x00000211610e0000, 0x0000021161410000]
 total_blobs=3523 nmethods=2915 adapters=512
 compilation: enabled
              stopped_count=0, restarted_count=0
 full_count=0

Compilation events (20 events):
Event: 5.498 Thread 0x000002116ab29f70 nmethod 2867 0x0000021159ec9d10 code [0x0000021159ec9ec0, 0x0000021159eca0f8]
Event: 5.498 Thread 0x000002116ab29f70 2868       3       sun.util.locale.LocaleObjectCache::get (126 bytes)
Event: 5.499 Thread 0x000002116ab29f70 nmethod 2868 0x0000021159eca190 code [0x0000021159eca460, 0x0000021159ecb540]
Event: 5.499 Thread 0x000002116ab29f70 2870       3       sun.util.locale.LocaleUtils::toUpperString (95 bytes)
Event: 5.501 Thread 0x000002116ab29f70 nmethod 2870 0x0000021159ecba10 code [0x0000021159ecbce0, 0x0000021159eccd80]
Event: 5.501 Thread 0x000002116ab29f70 2866       3       sun.util.locale.InternalLocaleBuilder::clearExtensions (50 bytes)
Event: 5.501 Thread 0x000002116ab29f70 nmethod 2866 0x0000021159ecd410 code [0x0000021159ecd5e0, 0x0000021159ecd9f0]
Event: 5.501 Thread 0x000002116ab29f70 2869       3       sun.util.locale.LocaleObjectCache::cleanStaleEntries (34 bytes)
Event: 5.502 Thread 0x000002116ab29f70 nmethod 2869 0x0000021159ecdb10 code [0x0000021159ecdce0, 0x0000021159ece158]
Event: 5.502 Thread 0x000002116ab29f70 2860       1       sun.util.locale.LanguageTag::getLanguage (5 bytes)
Event: 5.502 Thread 0x000002116ab29f70 nmethod 2860 0x000002116154c890 code [0x000002116154ca20, 0x000002116154cae8]
Event: 5.502 Thread 0x000002116ab29f70 2861       1       sun.util.locale.LanguageTag::getScript (5 bytes)
Event: 5.502 Thread 0x000002116ab29f70 nmethod 2861 0x000002116154cb90 code [0x000002116154cd20, 0x000002116154cde8]
Event: 5.502 Thread 0x000002116ab29f70 2862       1       sun.util.locale.LanguageTag::getRegion (5 bytes)
Event: 5.502 Thread 0x000002116ab29f70 nmethod 2862 0x000002116154ce90 code [0x000002116154d020, 0x000002116154d0e8]
Event: 5.502 Thread 0x000002116ab29f70 2871       3       sun.util.locale.BaseLocale$Key::<init> (76 bytes)
Event: 5.503 Thread 0x000002116ab29f70 nmethod 2871 0x0000021159ece310 code [0x0000021159ece500, 0x0000021159ecea88]
Event: 5.503 Thread 0x000002116ab29f70 2872       3       sun.util.locale.BaseLocale$Key::normalize (67 bytes)
Event: 5.503 Thread 0x000002116ab29f70 nmethod 2872 0x0000021159ecec90 code [0x0000021159ecee60, 0x0000021159ecf0d8]
Event: 5.503 Thread 0x000002116ab29f70 2875       3       sun.util.locale.LocaleUtils::toTitleString (139 bytes)

GC Heap History (14 events):
Event: 1.818 GC heap before
{Heap before GC invocations=1 (full 0):
 PSYoungGen      total 29696K, used 25600K [0x00000000eab00000, 0x00000000ecc00000, 0x0000000100000000)
  eden space 25600K, 100% used [0x00000000eab00000,0x00000000ec400000,0x00000000ec400000)
  from space 4096K, 0% used [0x00000000ec800000,0x00000000ec800000,0x00000000ecc00000)
  to   space 4096K, 0% used [0x00000000ec400000,0x00000000ec400000,0x00000000ec800000)
 ParOldGen       total 68608K, used 0K [0x00000000c0000000, 0x00000000c4300000, 0x00000000eab00000)
  object space 68608K, 0% used [0x00000000c0000000,0x00000000c0000000,0x00000000c4300000)
 Metaspace       used 4353K, committed 4544K, reserved 1114112K
  class space    used 436K, committed 512K, reserved 1048576K
}
Event: 1.832 GC heap after
{Heap after GC invocations=1 (full 0):
 PSYoungGen      total 29696K, used 3222K [0x00000000eab00000, 0x00000000ecc00000, 0x0000000100000000)
  eden space 25600K, 0% used [0x00000000eab00000,0x00000000eab00000,0x00000000ec400000)
  from space 4096K, 78% used [0x00000000ec400000,0x00000000ec725860,0x00000000ec800000)
  to   space 4096K, 0% used [0x00000000ec800000,0x00000000ec800000,0x00000000ecc00000)
 ParOldGen       total 68608K, used 8K [0x00000000c0000000, 0x00000000c4300000, 0x00000000eab00000)
  object space 68608K, 0% used [0x00000000c0000000,0x00000000c0002000,0x00000000c4300000)
 Metaspace       used 4353K, committed 4544K, reserved 1114112K
  class space    used 436K, committed 512K, reserved 1048576K
}
Event: 3.285 GC heap before
{Heap before GC invocations=2 (full 0):
 PSYoungGen      total 29696K, used 28822K [0x00000000eab00000, 0x00000000ecc00000, 0x0000000100000000)
  eden space 25600K, 100% used [0x00000000eab00000,0x00000000ec400000,0x00000000ec400000)
  from space 4096K, 78% used [0x00000000ec400000,0x00000000ec725860,0x00000000ec800000)
  to   space 4096K, 0% used [0x00000000ec800000,0x00000000ec800000,0x00000000ecc00000)
 ParOldGen       total 68608K, used 8K [0x00000000c0000000, 0x00000000c4300000, 0x00000000eab00000)
  object space 68608K, 0% used [0x00000000c0000000,0x00000000c0002000,0x00000000c4300000)
 Metaspace       used 8197K, committed 8512K, reserved 1114112K
  class space    used 811K, committed 960K, reserved 1048576K
}
Event: 3.296 GC heap after
{Heap after GC invocations=2 (full 0):
 PSYoungGen      total 29696K, used 4068K [0x00000000eab00000, 0x00000000ecc00000, 0x0000000100000000)
  eden space 25600K, 0% used [0x00000000eab00000,0x00000000eab00000,0x00000000ec400000)
  from space 4096K, 99% used [0x00000000ec800000,0x00000000ecbf91b8,0x00000000ecc00000)
  to   space 4096K, 0% used [0x00000000ec400000,0x00000000ec400000,0x00000000ec800000)
 ParOldGen       total 68608K, used 955K [0x00000000c0000000, 0x00000000c4300000, 0x00000000eab00000)
  object space 68608K, 1% used [0x00000000c0000000,0x00000000c00eeec8,0x00000000c4300000)
 Metaspace       used 8197K, committed 8512K, reserved 1114112K
  class space    used 811K, committed 960K, reserved 1048576K
}
Event: 4.118 GC heap before
{Heap before GC invocations=3 (full 0):
 PSYoungGen      total 29696K, used 29668K [0x00000000eab00000, 0x00000000ecc00000, 0x0000000100000000)
  eden space 25600K, 100% used [0x00000000eab00000,0x00000000ec400000,0x00000000ec400000)
  from space 4096K, 99% used [0x00000000ec800000,0x00000000ecbf91b8,0x00000000ecc00000)
  to   space 4096K, 0% used [0x00000000ec400000,0x00000000ec400000,0x00000000ec800000)
 ParOldGen       total 68608K, used 955K [0x00000000c0000000, 0x00000000c4300000, 0x00000000eab00000)
  object space 68608K, 1% used [0x00000000c0000000,0x00000000c00eeec8,0x00000000c4300000)
 Metaspace       used 13014K, committed 13504K, reserved 1114112K
  class space    used 1310K, committed 1536K, reserved 1048576K
}
Event: 4.125 GC heap after
{Heap after GC invocations=3 (full 0):
 PSYoungGen      total 29696K, used 4077K [0x00000000eab00000, 0x00000000ecc00000, 0x0000000100000000)
  eden space 25600K, 0% used [0x00000000eab00000,0x00000000eab00000,0x00000000ec400000)
  from space 4096K, 99% used [0x00000000ec400000,0x00000000ec7fb480,0x00000000ec800000)
  to   space 4096K, 0% used [0x00000000ec800000,0x00000000ec800000,0x00000000ecc00000)
 ParOldGen       total 68608K, used 2842K [0x00000000c0000000, 0x00000000c4300000, 0x00000000eab00000)
  object space 68608K, 4% used [0x00000000c0000000,0x00000000c02c6a10,0x00000000c4300000)
 Metaspace       used 13014K, committed 13504K, reserved 1114112K
  class space    used 1310K, committed 1536K, reserved 1048576K
}
Event: 4.781 GC heap before
{Heap before GC invocations=4 (full 0):
 PSYoungGen      total 29696K, used 29542K [0x00000000eab00000, 0x00000000ecc00000, 0x0000000100000000)
  eden space 25600K, 99% used [0x00000000eab00000,0x00000000ec3de420,0x00000000ec400000)
  from space 4096K, 99% used [0x00000000ec400000,0x00000000ec7fb480,0x00000000ec800000)
  to   space 4096K, 0% used [0x00000000ec800000,0x00000000ec800000,0x00000000ecc00000)
 ParOldGen       total 68608K, used 2842K [0x00000000c0000000, 0x00000000c4300000, 0x00000000eab00000)
  object space 68608K, 4% used [0x00000000c0000000,0x00000000c02c6a10,0x00000000c4300000)
 Metaspace       used 16967K, committed 17664K, reserved 1114112K
  class space    used 1699K, committed 1984K, reserved 1048576K
}
Event: 4.786 GC heap after
{Heap after GC invocations=4 (full 0):
 PSYoungGen      total 29696K, used 4092K [0x00000000eab00000, 0x00000000ecc00000, 0x0000000100000000)
  eden space 25600K, 0% used [0x00000000eab00000,0x00000000eab00000,0x00000000ec400000)
  from space 4096K, 99% used [0x00000000ec800000,0x00000000ecbff120,0x00000000ecc00000)
  to   space 4096K, 0% used [0x00000000ec400000,0x00000000ec400000,0x00000000ec800000)
 ParOldGen       total 68608K, used 5800K [0x00000000c0000000, 0x00000000c4300000, 0x00000000eab00000)
  object space 68608K, 8% used [0x00000000c0000000,0x00000000c05aa1e0,0x00000000c4300000)
 Metaspace       used 16967K, committed 17664K, reserved 1114112K
  class space    used 1699K, committed 1984K, reserved 1048576K
}
Event: 5.063 GC heap before
{Heap before GC invocations=5 (full 0):
 PSYoungGen      total 29696K, used 29692K [0x00000000eab00000, 0x00000000ecc00000, 0x0000000100000000)
  eden space 25600K, 100% used [0x00000000eab00000,0x00000000ec400000,0x00000000ec400000)
  from space 4096K, 99% used [0x00000000ec800000,0x00000000ecbff120,0x00000000ecc00000)
  to   space 4096K, 0% used [0x00000000ec400000,0x00000000ec400000,0x00000000ec800000)
 ParOldGen       total 68608K, used 5800K [0x00000000c0000000, 0x00000000c4300000, 0x00000000eab00000)
  object space 68608K, 8% used [0x00000000c0000000,0x00000000c05aa1e0,0x00000000c4300000)
 Metaspace       used 20285K, committed 20992K, reserved 1114112K
  class space    used 1937K, committed 2240K, reserved 1048576K
}
Event: 5.069 GC heap after
{Heap after GC invocations=5 (full 0):
 PSYoungGen      total 29184K, used 4068K [0x00000000eab00000, 0x00000000ed080000, 0x0000000100000000)
  eden space 25088K, 0% used [0x00000000eab00000,0x00000000eab00000,0x00000000ec380000)
  from space 4096K, 99% used [0x00000000ec400000,0x00000000ec7f92c0,0x00000000ec800000)
  to   space 6656K, 0% used [0x00000000eca00000,0x00000000eca00000,0x00000000ed080000)
 ParOldGen       total 68608K, used 8149K [0x00000000c0000000, 0x00000000c4300000, 0x00000000eab00000)
  object space 68608K, 11% used [0x00000000c0000000,0x00000000c07f5658,0x00000000c4300000)
 Metaspace       used 20285K, committed 20992K, reserved 1114112K
  class space    used 1937K, committed 2240K, reserved 1048576K
}
Event: 5.107 GC heap before
{Heap before GC invocations=6 (full 0):
 PSYoungGen      total 29184K, used 8321K [0x00000000eab00000, 0x00000000ed080000, 0x0000000100000000)
  eden space 25088K, 16% used [0x00000000eab00000,0x00000000eaf27518,0x00000000ec380000)
  from space 4096K, 99% used [0x00000000ec400000,0x00000000ec7f92c0,0x00000000ec800000)
  to   space 6656K, 0% used [0x00000000eca00000,0x00000000eca00000,0x00000000ed080000)
 ParOldGen       total 68608K, used 8149K [0x00000000c0000000, 0x00000000c4300000, 0x00000000eab00000)
  object space 68608K, 11% used [0x00000000c0000000,0x00000000c07f5658,0x00000000c4300000)
 Metaspace       used 20858K, committed 21504K, reserved 1114112K
  class space    used 1981K, committed 2240K, reserved 1048576K
}
Event: 5.112 GC heap after
{Heap after GC invocations=6 (full 0):
 PSYoungGen      total 30208K, used 4712K [0x00000000eab00000, 0x00000000ecf00000, 0x0000000100000000)
  eden space 25088K, 0% used [0x00000000eab00000,0x00000000eab00000,0x00000000ec380000)
  from space 5120K, 92% used [0x00000000eca00000,0x00000000ece9a008,0x00000000ecf00000)
  to   space 5632K, 0% used [0x00000000ec400000,0x00000000ec400000,0x00000000ec980000)
 ParOldGen       total 68608K, used 8157K [0x00000000c0000000, 0x00000000c4300000, 0x00000000eab00000)
  object space 68608K, 11% used [0x00000000c0000000,0x00000000c07f7658,0x00000000c4300000)
 Metaspace       used 20858K, committed 21504K, reserved 1114112K
  class space    used 1981K, committed 2240K, reserved 1048576K
}
Event: 5.112 GC heap before
{Heap before GC invocations=7 (full 1):
 PSYoungGen      total 30208K, used 4712K [0x00000000eab00000, 0x00000000ecf00000, 0x0000000100000000)
  eden space 25088K, 0% used [0x00000000eab00000,0x00000000eab00000,0x00000000ec380000)
  from space 5120K, 92% used [0x00000000eca00000,0x00000000ece9a008,0x00000000ecf00000)
  to   space 5632K, 0% used [0x00000000ec400000,0x00000000ec400000,0x00000000ec980000)
 ParOldGen       total 68608K, used 8157K [0x00000000c0000000, 0x00000000c4300000, 0x00000000eab00000)
  object space 68608K, 11% used [0x00000000c0000000,0x00000000c07f7658,0x00000000c4300000)
 Metaspace       used 20858K, committed 21504K, reserved 1114112K
  class space    used 1981K, committed 2240K, reserved 1048576K
}
Event: 5.139 GC heap after
{Heap after GC invocations=7 (full 1):
 PSYoungGen      total 30208K, used 0K [0x00000000eab00000, 0x00000000ecf00000, 0x0000000100000000)
  eden space 25088K, 0% used [0x00000000eab00000,0x00000000eab00000,0x00000000ec380000)
  from space 5120K, 0% used [0x00000000eca00000,0x00000000eca00000,0x00000000ecf00000)
  to   space 5632K, 0% used [0x00000000ec400000,0x00000000ec400000,0x00000000ec980000)
 ParOldGen       total 68608K, used 8462K [0x00000000c0000000, 0x00000000c4300000, 0x00000000eab00000)
  object space 68608K, 12% used [0x00000000c0000000,0x00000000c0843b38,0x00000000c4300000)
 Metaspace       used 20845K, committed 21504K, reserved 1114112K
  class space    used 1977K, committed 2240K, reserved 1048576K
}

Dll operation events (10 events):
Event: 0.027 Loaded shared library c:\Users\Admin\.vscode\extensions\redhat.java-1.39.0-win32-x64\jre\21.0.5-win32-x86_64\bin\java.dll
Event: 0.263 Loaded shared library c:\Users\Admin\.vscode\extensions\redhat.java-1.39.0-win32-x64\jre\21.0.5-win32-x86_64\bin\zip.dll
Event: 0.342 Loaded shared library C:\Users\Admin\.vscode\extensions\redhat.java-1.39.0-win32-x64\jre\21.0.5-win32-x86_64\bin\instrument.dll
Event: 0.350 Loaded shared library C:\Users\Admin\.vscode\extensions\redhat.java-1.39.0-win32-x64\jre\21.0.5-win32-x86_64\bin\net.dll
Event: 0.354 Loaded shared library C:\Users\Admin\.vscode\extensions\redhat.java-1.39.0-win32-x64\jre\21.0.5-win32-x86_64\bin\nio.dll
Event: 0.384 Loaded shared library C:\Users\Admin\.vscode\extensions\redhat.java-1.39.0-win32-x64\jre\21.0.5-win32-x86_64\bin\zip.dll
Event: 0.430 Loaded shared library C:\Users\Admin\.vscode\extensions\redhat.java-1.39.0-win32-x64\jre\21.0.5-win32-x86_64\bin\jimage.dll
Event: 0.586 Loaded shared library c:\Users\Admin\.vscode\extensions\redhat.java-1.39.0-win32-x64\jre\21.0.5-win32-x86_64\bin\verify.dll
Event: 3.120 Loaded shared library C:\Users\Admin\AppData\Roaming\Code\User\globalStorage\redhat.java\1.39.0\config_ss_win\org.eclipse.equinox.launcher\org.eclipse.equinox.launcher.win32.win32.x86_64_1.2.1100.v20240722-2106\eclipse_11904.dll
Event: 4.484 Loaded shared library C:\Users\Admin\AppData\Local\Temp\jna-63116079\jna18211821050953802606.dll

Deoptimization events (20 events):
Event: 5.033 Thread 0x0000021171d34930 Uncommon trap: trap_request=0xffffff45 fr.pc=0x0000021161534e84 relative=0x0000000000000164
Event: 5.033 Thread 0x0000021171d34930 Uncommon trap: reason=unstable_if action=reinterpret pc=0x0000021161534e84 method=org.lombokweb.asm.ByteVector.putByteArray([BII)Lorg/lombokweb/asm/ByteVector; @ 20 c2
Event: 5.033 Thread 0x0000021171d34930 DEOPT PACKING pc=0x0000021161534e84 sp=0x0000008ddcfee910
Event: 5.033 Thread 0x0000021171d34930 DEOPT UNPACKING pc=0x0000021160ec3aa2 sp=0x0000008ddcfee8e0 mode 2
Event: 5.033 Thread 0x0000021171d34930 Uncommon trap: trap_request=0xffffff45 fr.pc=0x0000021161535544 relative=0x0000000000000384
Event: 5.033 Thread 0x0000021171d34930 Uncommon trap: reason=unstable_if action=reinterpret pc=0x0000021161535544 method=org.lombokweb.asm.Label.resolve([BLorg/lombokweb/asm/ByteVector;I)Z @ 81 c2
Event: 5.033 Thread 0x0000021171d34930 DEOPT PACKING pc=0x0000021161535544 sp=0x0000008ddcfee9a0
Event: 5.033 Thread 0x0000021171d34930 DEOPT UNPACKING pc=0x0000021160ec3aa2 sp=0x0000008ddcfee8a8 mode 2
Event: 5.212 Thread 0x0000021171d34930 Uncommon trap: trap_request=0xffffffcc fr.pc=0x0000021161535e44 relative=0x0000000000000384
Event: 5.212 Thread 0x0000021171d34930 Uncommon trap: reason=intrinsic_or_type_checked_inlining action=make_not_entrant pc=0x0000021161535e44 method=java.util.Arrays.copyOf([Ljava/lang/Object;ILjava/lang/Class;)[Ljava/lang/Object; @ 35 c2
Event: 5.212 Thread 0x0000021171d34930 DEOPT PACKING pc=0x0000021161535e44 sp=0x0000008ddcff9140
Event: 5.212 Thread 0x0000021171d34930 DEOPT UNPACKING pc=0x0000021160ec3aa2 sp=0x0000008ddcff90d0 mode 2
Event: 5.376 Thread 0x0000021171d34930 DEOPT PACKING pc=0x0000021159a60ca6 sp=0x0000008ddcff7a30
Event: 5.376 Thread 0x0000021171d34930 DEOPT UNPACKING pc=0x0000021160ec4242 sp=0x0000008ddcff6f28 mode 0
Event: 5.376 Thread 0x0000021171d34930 DEOPT PACKING pc=0x0000021159a60ca6 sp=0x0000008ddcff7a30
Event: 5.376 Thread 0x0000021171d34930 DEOPT UNPACKING pc=0x0000021160ec4242 sp=0x0000008ddcff6f28 mode 0
Event: 5.397 Thread 0x0000021171d34930 Uncommon trap: trap_request=0xffffffc6 fr.pc=0x00000211614a57fc relative=0x000000000000099c
Event: 5.397 Thread 0x0000021171d34930 Uncommon trap: reason=bimorphic_or_optimized_type_check action=maybe_recompile pc=0x00000211614a57fc method=java.util.HashMap.putVal(ILjava/lang/Object;Ljava/lang/Object;ZZ)Ljava/lang/Object; @ 56 c2
Event: 5.397 Thread 0x0000021171d34930 DEOPT PACKING pc=0x00000211614a57fc sp=0x0000008ddcff9620
Event: 5.397 Thread 0x0000021171d34930 DEOPT UNPACKING pc=0x0000021160ec3aa2 sp=0x0000008ddcff9520 mode 2

Classes loaded (20 events):
Event: 5.432 Loading class com/sun/org/apache/xerces/internal/impl/msg/XMLMessages
Event: 5.432 Loading class com/sun/org/apache/xerces/internal/impl/msg/XMLMessages done
Event: 5.434 Loading class com/sun/org/apache/xerces/internal/impl/msg/XMLMessages_en
Event: 5.434 Loading class com/sun/org/apache/xerces/internal/impl/msg/XMLMessages_en done
Event: 5.434 Loading class com/sun/org/apache/xerces/internal/impl/msg/XMLMessages_en
Event: 5.434 Loading class com/sun/org/apache/xerces/internal/impl/msg/XMLMessages_en done
Event: 5.434 Loading class com/sun/org/apache/xerces/internal/impl/msg/XMLMessages_en_US
Event: 5.434 Loading class com/sun/org/apache/xerces/internal/impl/msg/XMLMessages_en_US done
Event: 5.434 Loading class com/sun/org/apache/xerces/internal/impl/msg/XMLMessages_en_US
Event: 5.434 Loading class com/sun/org/apache/xerces/internal/impl/msg/XMLMessages_en_US done
Event: 5.448 Loading class java/net/SocketAddress
Event: 5.449 Loading class java/net/SocketAddress done
Event: 5.449 Loading class java/net/InetSocketAddress
Event: 5.449 Loading class java/net/InetSocketAddress done
Event: 5.449 Loading class java/nio/channels/AsynchronousByteChannel
Event: 5.449 Loading class java/nio/channels/AsynchronousChannel
Event: 5.449 Loading class java/nio/channels/AsynchronousChannel done
Event: 5.449 Loading class java/nio/channels/AsynchronousByteChannel done
Event: 5.449 Loading class java/net/Authenticator
Event: 5.449 Loading class java/net/Authenticator done

Classes unloaded (7 events):
Event: 5.117 Thread 0x000002116aae2cd0 Unloading class 0x0000021101182c00 'java/lang/invoke/LambdaForm$MH+0x0000021101182c00'
Event: 5.117 Thread 0x000002116aae2cd0 Unloading class 0x0000021101182800 'java/lang/invoke/LambdaForm$MH+0x0000021101182800'
Event: 5.117 Thread 0x000002116aae2cd0 Unloading class 0x0000021101182400 'java/lang/invoke/LambdaForm$MH+0x0000021101182400'
Event: 5.117 Thread 0x000002116aae2cd0 Unloading class 0x0000021101182000 'java/lang/invoke/LambdaForm$MH+0x0000021101182000'
Event: 5.117 Thread 0x000002116aae2cd0 Unloading class 0x0000021101181c00 'java/lang/invoke/LambdaForm$BMH+0x0000021101181c00'
Event: 5.117 Thread 0x000002116aae2cd0 Unloading class 0x0000021101181800 'java/lang/invoke/LambdaForm$DMH+0x0000021101181800'
Event: 5.117 Thread 0x000002116aae2cd0 Unloading class 0x0000021101180400 'java/lang/invoke/LambdaForm$DMH+0x0000021101180400'

Classes redefined (0 events):
No events

Internal exceptions (20 events):
Event: 4.506 Thread 0x0000021171d34930 Exception <a 'java/lang/NoSuchMethodError'{0x00000000eb569690}: 'int java.lang.invoke.Invokers$Holder.invokeExact_MT(java.lang.Object, java.lang.Object, java.lang.Object)'> (0x00000000eb569690) 
thrown [s\src\hotspot\share\interpreter\linkResolver.cpp, line 773]
Event: 4.526 Thread 0x0000021171d34930 Exception <a 'java/lang/NoSuchMethodError'{0x00000000eb6717f0}: 'void java.lang.invoke.Invokers$Holder.invokeExact_MT(java.lang.Object, java.lang.Object, int, java.lang.Object)'> (0x00000000eb6717f0) 
thrown [s\src\hotspot\share\interpreter\linkResolver.cpp, line 773]
Event: 4.544 Thread 0x0000021171d34930 Exception <a 'java/lang/NoSuchMethodError'{0x00000000eb754ea8}: 'java.lang.Object java.lang.invoke.DirectMethodHandle$Holder.invokeSpecial(java.lang.Object, java.lang.Object, java.lang.Object, long, java.lang.Object)'> (0x00000000eb754ea8) 
thrown [s\src\hotspot\share\interpreter\linkResolver.cpp, line 773]
Event: 4.545 Thread 0x0000021171d34930 Exception <a 'java/lang/NoSuchMethodError'{0x00000000eb75c638}: 'java.lang.Object java.lang.invoke.DirectMethodHandle$Holder.newInvokeSpecial(java.lang.Object, java.lang.Object, java.lang.Object, long)'> (0x00000000eb75c638) 
thrown [s\src\hotspot\share\interpreter\linkResolver.cpp, line 773]
Event: 4.546 Thread 0x0000021171d34930 Exception <a 'java/lang/NoSuchMethodError'{0x00000000eb7602b8}: 'java.lang.Object java.lang.invoke.Invokers$Holder.linkToTargetMethod(java.lang.Object, java.lang.Object, long, java.lang.Object)'> (0x00000000eb7602b8) 
thrown [s\src\hotspot\share\interpreter\linkResolver.cpp, line 773]
Event: 4.556 Thread 0x0000021171d34930 Exception <a 'java/lang/NoSuchMethodError'{0x00000000eb7d1bd8}: 'int java.lang.invoke.DirectMethodHandle$Holder.invokeStaticInit(java.lang.Object, java.lang.Object, java.lang.Object)'> (0x00000000eb7d1bd8) 
thrown [s\src\hotspot\share\interpreter\linkResolver.cpp, line 773]
Event: 4.587 Thread 0x0000021171d34930 Exception <a 'java/lang/IncompatibleClassChangeError'{0x00000000eb9a0a18}: Found class java.lang.Object, but interface was expected> (0x00000000eb9a0a18) 
thrown [s\src\hotspot\share\interpreter\linkResolver.cpp, line 840]
Event: 4.596 Thread 0x0000021171d34930 Exception <a 'java/lang/NoSuchMethodError'{0x00000000eb9b7888}: 'java.lang.Object java.lang.invoke.DirectMethodHandle$Holder.invokeSpecial(java.lang.Object, java.lang.Object, java.lang.Object, int, java.lang.Object, java.lang.Object)'> (0x00000000eb9b7888) 
thrown [s\src\hotspot\share\interpreter\linkResolver.cpp, line 773]
Event: 4.597 Thread 0x0000021171d34930 Exception <a 'java/lang/NoSuchMethodError'{0x00000000eb9bf120}: 'java.lang.Object java.lang.invoke.DirectMethodHandle$Holder.newInvokeSpecial(java.lang.Object, java.lang.Object, java.lang.Object, int, java.lang.Object)'> (0x00000000eb9bf120) 
thrown [s\src\hotspot\share\interpreter\linkResolver.cpp, line 773]
Event: 4.597 Thread 0x0000021171d34930 Exception <a 'java/lang/NoSuchMethodError'{0x00000000eb9c2c10}: 'java.lang.Object java.lang.invoke.Invokers$Holder.linkToTargetMethod(java.lang.Object, java.lang.Object, int, java.lang.Object, java.lang.Object)'> (0x00000000eb9c2c10) 
thrown [s\src\hotspot\share\interpreter\linkResolver.cpp, line 773]
Event: 4.598 Thread 0x0000021171df4010 Exception <a 'java/lang/NoSuchMethodError'{0x00000000eb7ad7d8}: 'java.lang.Object java.lang.invoke.DirectMethodHandle$Holder.invokeSpecial(java.lang.Object, java.lang.Object, int, java.lang.Object, java.lang.Object)'> (0x00000000eb7ad7d8) 
thrown [s\src\hotspot\share\interpreter\linkResolver.cpp, line 773]
Event: 4.599 Thread 0x0000021171df4010 Exception <a 'java/lang/NoSuchMethodError'{0x00000000eb7b4510}: 'java.lang.Object java.lang.invoke.DirectMethodHandle$Holder.newInvokeSpecial(java.lang.Object, java.lang.Object, int, java.lang.Object)'> (0x00000000eb7b4510) 
thrown [s\src\hotspot\share\interpreter\linkResolver.cpp, line 773]
Event: 4.623 Thread 0x0000021171d34930 Exception <a 'java/lang/NoSuchMethodError'{0x00000000ebac39b8}: 'void java.lang.invoke.DirectMethodHandle$Holder.invokeSpecial(java.lang.Object, java.lang.Object, java.lang.Object, java.lang.Object, java.lang.Object)'> (0x00000000ebac39b8) 
thrown [s\src\hotspot\share\interpreter\linkResolver.cpp, line 773]
Event: 4.674 Thread 0x0000021171d34930 Exception <a 'java/lang/NoSuchMethodError'{0x00000000ebd5d730}: 'double java.lang.invoke.DirectMethodHandle$Holder.invokeStatic(java.lang.Object, java.lang.Object)'> (0x00000000ebd5d730) 
thrown [s\src\hotspot\share\interpreter\linkResolver.cpp, line 773]
Event: 4.674 Thread 0x0000021171d34930 Exception <a 'java/lang/NoSuchMethodError'{0x00000000ebd60df0}: 'double java.lang.invoke.DirectMethodHandle$Holder.invokeStaticInit(java.lang.Object, java.lang.Object)'> (0x00000000ebd60df0) 
thrown [s\src\hotspot\share\interpreter\linkResolver.cpp, line 773]
Event: 5.033 Thread 0x0000021171d34930 Implicit null exception at 0x0000021161534d75 to 0x0000021161534e68
Event: 5.428 Thread 0x0000021171d34930 Exception <a 'java/lang/ClassNotFoundException'{0x00000000ebfcb210}: com/sun/org/apache/xerces/internal/impl/msg/spi/DOMMessagesProvider> (0x00000000ebfcb210) 
thrown [s\src\hotspot\share\classfile\systemDictionary.cpp, line 312]
Event: 5.431 Thread 0x0000021171d34930 Exception <a 'java/lang/ClassNotFoundException'{0x00000000ebfe62c8}: com/sun/org/apache/xerces/internal/impl/msg/spi/XMLSerializerMessagesProvider> (0x00000000ebfe62c8) 
thrown [s\src\hotspot\share\classfile\systemDictionary.cpp, line 312]
Event: 5.432 Thread 0x0000021171d34930 Exception <a 'java/lang/ClassNotFoundException'{0x00000000ebff35e8}: com/sun/org/apache/xerces/internal/impl/msg/spi/XMLMessagesProvider> (0x00000000ebff35e8) 
thrown [s\src\hotspot\share\classfile\systemDictionary.cpp, line 312]
Event: 5.463 Thread 0x0000021171d34930 Exception <a 'java/lang/NoSuchMethodError'{0x00000000ec180640}: 'java.lang.Object java.lang.invoke.DirectMethodHandle$Holder.newInvokeSpecial(java.lang.Object, int, java.lang.Object, java.lang.Object)'> (0x00000000ec180640) 
thrown [s\src\hotspot\share\interpreter\linkResolver.cpp, line 773]

ZGC Phase Switch (0 events):
No events

VM Operations (20 events):
Event: 3.520 Executing VM operation: HandshakeAllThreads (Deoptimize)
Event: 3.520 Executing VM operation: HandshakeAllThreads (Deoptimize) done
Event: 3.852 Executing VM operation: HandshakeAllThreads (Deoptimize)
Event: 3.852 Executing VM operation: HandshakeAllThreads (Deoptimize) done
Event: 4.118 Executing VM operation: ParallelGCFailedAllocation (Allocation Failure)
Event: 4.125 Executing VM operation: ParallelGCFailedAllocation (Allocation Failure) done
Event: 4.493 Executing VM operation: HandshakeAllThreads (Deoptimize)
Event: 4.493 Executing VM operation: HandshakeAllThreads (Deoptimize) done
Event: 4.564 Executing VM operation: HandshakeAllThreads (Deoptimize)
Event: 4.564 Executing VM operation: HandshakeAllThreads (Deoptimize) done
Event: 4.578 Executing VM operation: HandshakeAllThreads (Deoptimize)
Event: 4.578 Executing VM operation: HandshakeAllThreads (Deoptimize) done
Event: 4.780 Executing VM operation: ParallelGCFailedAllocation (Allocation Failure)
Event: 4.786 Executing VM operation: ParallelGCFailedAllocation (Allocation Failure) done
Event: 5.063 Executing VM operation: ParallelGCFailedAllocation (Allocation Failure)
Event: 5.069 Executing VM operation: ParallelGCFailedAllocation (Allocation Failure) done
Event: 5.107 Executing VM operation: CollectForMetadataAllocation (Metadata GC Threshold)
Event: 5.139 Executing VM operation: CollectForMetadataAllocation (Metadata GC Threshold) done
Event: 5.367 Executing VM operation: HandshakeAllThreads (Deoptimize)
Event: 5.367 Executing VM operation: HandshakeAllThreads (Deoptimize) done

Memory protections (0 events):
No events

Nmethod flushes (0 events):
No events

Events (20 events):
Event: 0.992 Thread 0x000002116ab29f70 Thread added: 0x000002116c91b920
Event: 1.862 Thread 0x000002116c91b920 Thread exited: 0x000002116c91b920
Event: 1.862 Thread 0x000002116c84b020 Thread exited: 0x000002116c84b020
Event: 2.182 Thread 0x000002116ab29f70 Thread added: 0x00000211719b57b0
Event: 2.186 Thread 0x000002116ab11a40 Thread added: 0x00000211719b5e50
Event: 2.563 Thread 0x00000211565ee810 Thread added: 0x000002117176d8d0
Event: 3.012 Thread 0x00000211719b5e50 Thread exited: 0x00000211719b5e50
Event: 3.098 Thread 0x00000211565ee810 Thread added: 0x0000021171d342d0
Event: 3.105 Thread 0x00000211565ee810 Thread added: 0x0000021171d34930
Event: 3.197 Thread 0x00000211719b57b0 Thread exited: 0x00000211719b57b0
Event: 3.199 Thread 0x0000021171d34930 Thread added: 0x00000211719b57b0
Event: 3.491 Thread 0x0000021171d34930 Thread added: 0x000002117153a7b0
Event: 3.618 Thread 0x000002116ab29f70 Thread added: 0x0000021171ba2130
Event: 3.618 Thread 0x000002116ab29f70 Thread added: 0x00000211718b2370
Event: 3.887 Thread 0x0000021171d34930 Thread added: 0x00000211716a65f0
Event: 4.487 Thread 0x00000211718b2370 Thread exited: 0x00000211718b2370
Event: 4.512 Thread 0x0000021171d34930 Thread added: 0x0000021171e08af0
Event: 4.549 Thread 0x0000021171d34930 Thread added: 0x0000021171df4010
Event: 4.599 Thread 0x0000021171d34930 Thread added: 0x0000021171dfc5c0
Event: 5.446 Thread 0x0000021171d34930 Thread added: 0x0000021172647740


Dynamic libraries:
0x00007ff7b5260000 - 0x00007ff7b526e000 	c:\Users\Admin\.vscode\extensions\redhat.java-1.39.0-win32-x64\jre\21.0.5-win32-x86_64\bin\java.exe
0x00007ffc9a410000 - 0x00007ffc9a627000 	C:\WINDOWS\SYSTEM32\ntdll.dll
0x00007ffc989c0000 - 0x00007ffc98a84000 	C:\WINDOWS\System32\KERNEL32.DLL
0x00007ffc97d40000 - 0x00007ffc980fa000 	C:\WINDOWS\System32\KERNELBASE.dll
0x00007ffc97ad0000 - 0x00007ffc97be1000 	C:\WINDOWS\System32\ucrtbase.dll
0x00007ffc83030000 - 0x00007ffc8304e000 	c:\Users\Admin\.vscode\extensions\redhat.java-1.39.0-win32-x64\jre\21.0.5-win32-x86_64\bin\VCRUNTIME140.dll
0x00007ffc83250000 - 0x00007ffc83268000 	c:\Users\Admin\.vscode\extensions\redhat.java-1.39.0-win32-x64\jre\21.0.5-win32-x86_64\bin\jli.dll
0x00007ffc986a0000 - 0x00007ffc9884e000 	C:\WINDOWS\System32\USER32.dll
0x00007ffc976d0000 - 0x00007ffc976f6000 	C:\WINDOWS\System32\win32u.dll
0x00007ffc78e10000 - 0x00007ffc790a2000 	C:\WINDOWS\WinSxS\amd64_microsoft.windows.common-controls_6595b64144ccf1df_6.0.22621.4541_none_2710d1c57384c085\COMCTL32.dll
0x00007ffc99280000 - 0x00007ffc992a9000 	C:\WINDOWS\System32\GDI32.dll
0x00007ffc991b0000 - 0x00007ffc99257000 	C:\WINDOWS\System32\msvcrt.dll
0x00007ffc97700000 - 0x00007ffc9781b000 	C:\WINDOWS\System32\gdi32full.dll
0x00007ffc97ca0000 - 0x00007ffc97d3a000 	C:\WINDOWS\System32\msvcp_win.dll
0x00007ffc98980000 - 0x00007ffc989b1000 	C:\WINDOWS\System32\IMM32.DLL
0x00007ffc83240000 - 0x00007ffc8324c000 	c:\Users\Admin\.vscode\extensions\redhat.java-1.39.0-win32-x64\jre\21.0.5-win32-x86_64\bin\vcruntime140_1.dll
0x00007ffbdf280000 - 0x00007ffbdf30d000 	c:\Users\Admin\.vscode\extensions\redhat.java-1.39.0-win32-x64\jre\21.0.5-win32-x86_64\bin\msvcp140.dll
0x00007ffbc1250000 - 0x00007ffbc1fdf000 	c:\Users\Admin\.vscode\extensions\redhat.java-1.39.0-win32-x64\jre\21.0.5-win32-x86_64\bin\server\jvm.dll
0x00007ffc99780000 - 0x00007ffc99832000 	C:\WINDOWS\System32\ADVAPI32.dll
0x00007ffc985f0000 - 0x00007ffc98697000 	C:\WINDOWS\System32\sechost.dll
0x00007ffc97bf0000 - 0x00007ffc97c18000 	C:\WINDOWS\System32\bcrypt.dll
0x00007ffc99660000 - 0x00007ffc99774000 	C:\WINDOWS\System32\RPCRT4.dll
0x00007ffc98470000 - 0x00007ffc984e1000 	C:\WINDOWS\System32\WS2_32.dll
0x00007ffc973f0000 - 0x00007ffc9743d000 	C:\WINDOWS\SYSTEM32\POWRPROF.dll
0x00007ffc8fd50000 - 0x00007ffc8fd84000 	C:\WINDOWS\SYSTEM32\WINMM.dll
0x00007ffc8f980000 - 0x00007ffc8f98a000 	C:\WINDOWS\SYSTEM32\VERSION.dll
0x00007ffc973d0000 - 0x00007ffc973e3000 	C:\WINDOWS\SYSTEM32\UMPDC.dll
0x00007ffc966d0000 - 0x00007ffc966e8000 	C:\WINDOWS\SYSTEM32\kernel.appcore.dll
0x00007ffc83210000 - 0x00007ffc8321a000 	c:\Users\Admin\.vscode\extensions\redhat.java-1.39.0-win32-x64\jre\21.0.5-win32-x86_64\bin\jimage.dll
0x00007ffc91ab0000 - 0x00007ffc91ce2000 	C:\WINDOWS\SYSTEM32\DBGHELP.DLL
0x00007ffc992b0000 - 0x00007ffc99641000 	C:\WINDOWS\System32\combase.dll
0x00007ffc988a0000 - 0x00007ffc98977000 	C:\WINDOWS\System32\OLEAUT32.dll
0x00007ffc672b0000 - 0x00007ffc672e2000 	C:\WINDOWS\SYSTEM32\dbgcore.DLL
0x00007ffc97c20000 - 0x00007ffc97c9b000 	C:\WINDOWS\System32\bcryptPrimitives.dll
0x00007ffc829f0000 - 0x00007ffc829ff000 	c:\Users\Admin\.vscode\extensions\redhat.java-1.39.0-win32-x64\jre\21.0.5-win32-x86_64\bin\instrument.dll
0x00007ffc83010000 - 0x00007ffc8302f000 	c:\Users\Admin\.vscode\extensions\redhat.java-1.39.0-win32-x64\jre\21.0.5-win32-x86_64\bin\java.dll
0x00007ffc998c0000 - 0x00007ffc9a139000 	C:\WINDOWS\System32\SHELL32.dll
0x00007ffc955c0000 - 0x00007ffc95ec9000 	C:\WINDOWS\SYSTEM32\windows.storage.dll
0x00007ffc95480000 - 0x00007ffc955bf000 	C:\WINDOWS\SYSTEM32\wintypes.dll
0x00007ffc982c0000 - 0x00007ffc983ba000 	C:\WINDOWS\System32\SHCORE.dll
0x00007ffc99150000 - 0x00007ffc991ae000 	C:\WINDOWS\System32\shlwapi.dll
0x00007ffc97600000 - 0x00007ffc9762b000 	C:\WINDOWS\SYSTEM32\profapi.dll
0x00007ffc82be0000 - 0x00007ffc82bf8000 	c:\Users\Admin\.vscode\extensions\redhat.java-1.39.0-win32-x64\jre\21.0.5-win32-x86_64\bin\zip.dll
0x00007ffc82ab0000 - 0x00007ffc82ac0000 	C:\Users\Admin\.vscode\extensions\redhat.java-1.39.0-win32-x64\jre\21.0.5-win32-x86_64\bin\net.dll
0x00007ffc91000000 - 0x00007ffc91136000 	C:\WINDOWS\SYSTEM32\WINHTTP.dll
0x00007ffc96b40000 - 0x00007ffc96ba9000 	C:\WINDOWS\system32\mswsock.dll
0x00007ffc82530000 - 0x00007ffc82546000 	C:\Users\Admin\.vscode\extensions\redhat.java-1.39.0-win32-x64\jre\21.0.5-win32-x86_64\bin\nio.dll
0x00007ffc82490000 - 0x00007ffc824a0000 	c:\Users\Admin\.vscode\extensions\redhat.java-1.39.0-win32-x64\jre\21.0.5-win32-x86_64\bin\verify.dll
0x00007ffc80610000 - 0x00007ffc80655000 	C:\Users\Admin\AppData\Roaming\Code\User\globalStorage\redhat.java\1.39.0\config_ss_win\org.eclipse.equinox.launcher\org.eclipse.equinox.launcher.win32.win32.x86_64_1.2.1100.v20240722-2106\eclipse_11904.dll
0x00007ffc98b20000 - 0x00007ffc98cc5000 	C:\WINDOWS\System32\ole32.dll
0x00007ffc96e90000 - 0x00007ffc96eab000 	C:\WINDOWS\SYSTEM32\CRYPTSP.dll
0x00007ffc96630000 - 0x00007ffc96665000 	C:\WINDOWS\system32\rsaenh.dll
0x00007ffc96be0000 - 0x00007ffc96c08000 	C:\WINDOWS\SYSTEM32\USERENV.dll
0x00007ffc96e70000 - 0x00007ffc96e7c000 	C:\WINDOWS\SYSTEM32\CRYPTBASE.dll
0x00007ffc96130000 - 0x00007ffc9615d000 	C:\WINDOWS\SYSTEM32\IPHLPAPI.DLL
0x00007ffc99270000 - 0x00007ffc99279000 	C:\WINDOWS\System32\NSI.dll
0x00007ffc7fef0000 - 0x00007ffc7ff39000 	C:\Users\Admin\AppData\Local\Temp\jna-63116079\jna18211821050953802606.dll
0x00007ffc985e0000 - 0x00007ffc985e8000 	C:\WINDOWS\System32\PSAPI.DLL

dbghelp: loaded successfully - version: 4.0.5 - missing functions: none
symbol engine: initialized successfully - sym options: 0x614 - pdb path: .;c:\Users\Admin\.vscode\extensions\redhat.java-1.39.0-win32-x64\jre\21.0.5-win32-x86_64\bin;C:\WINDOWS\SYSTEM32;C:\WINDOWS\WinSxS\amd64_microsoft.windows.common-controls_6595b64144ccf1df_6.0.22621.4541_none_2710d1c57384c085;c:\Users\Admin\.vscode\extensions\redhat.java-1.39.0-win32-x64\jre\21.0.5-win32-x86_64\bin\server;C:\Users\Admin\AppData\Roaming\Code\User\globalStorage\redhat.java\1.39.0\config_ss_win\org.eclipse.equinox.launcher\org.eclipse.equinox.launcher.win32.win32.x86_64_1.2.1100.v20240722-2106;C:\Users\Admin\AppData\Local\Temp\jna-63116079

VM Arguments:
jvm_args: --add-modules=ALL-SYSTEM --add-opens=java.base/java.util=ALL-UNNAMED --add-opens=java.base/java.lang=ALL-UNNAMED --add-opens=java.base/sun.nio.fs=ALL-UNNAMED -Declipse.application=org.eclipse.jdt.ls.core.id1 -Dosgi.bundles.defaultStartLevel=4 -Declipse.product=org.eclipse.jdt.ls.core.product -Djava.import.generatesMetadataFilesAtProjectRoot=false -DDetectVMInstallationsJob.disabled=true -Dfile.encoding=utf8 -XX:+UseParallelGC -XX:GCTimeRatio=4 -XX:AdaptiveSizePolicyWeight=90 -Dsun.zip.disableMemoryMapping=true -Xmx1G -Xms100m -Xlog:disable -javaagent:c:\Users\Admin\.vscode\extensions\redhat.java-1.39.0-win32-x64\lombok\lombok-1.18.34.jar 
java_command: c:\Users\Admin\.vscode\extensions\redhat.java-1.39.0-win32-x64\server\plugins\org.eclipse.equinox.launcher_1.6.900.v20240613-2009.jar -configuration c:\Users\Admin\AppData\Roaming\Code\User\globalStorage\redhat.java\1.39.0\config_ss_win -data c:\Users\Admin\AppData\Roaming\Code\User\workspaceStorage\670e349c8996c9bc577c9f0ae57ce46b\redhat.java\ss_ws --pipe=\\.\pipe\lsp-df179cf3ce37cdb730470220829671f7-sock
java_class_path (initial): c:\Users\Admin\.vscode\extensions\redhat.java-1.39.0-win32-x64\server\plugins\org.eclipse.equinox.launcher_1.6.900.v20240613-2009.jar
Launcher Type: SUN_STANDARD

[Global flags]
    uintx AdaptiveSizePolicyWeight                 = 90                                        {product} {command line}
     intx CICompilerCount                          = 4                                         {product} {ergonomic}
    uintx GCTimeRatio                              = 4                                         {product} {command line}
   size_t InitialHeapSize                          = 104857600                                 {product} {command line}
   size_t MaxHeapSize                              = 1073741824                                {product} {command line}
   size_t MaxNewSize                               = 357564416                                 {product} {ergonomic}
   size_t MinHeapDeltaBytes                        = 524288                                    {product} {ergonomic}
   size_t MinHeapSize                              = 104857600                                 {product} {command line}
   size_t NewSize                                  = 34603008                                  {product} {ergonomic}
    uintx NonNMethodCodeHeapSize                   = 5839372                                {pd product} {ergonomic}
    uintx NonProfiledCodeHeapSize                  = 122909434                              {pd product} {ergonomic}
   size_t OldSize                                  = 70254592                                  {product} {ergonomic}
    uintx ProfiledCodeHeapSize                     = 122909434                              {pd product} {ergonomic}
    uintx ReservedCodeCacheSize                    = 251658240                              {pd product} {ergonomic}
     bool SegmentedCodeCache                       = true                                      {product} {ergonomic}
   size_t SoftMaxHeapSize                          = 1073741824                             {manageable} {ergonomic}
     bool UseCompressedOops                        = true                           {product lp64_product} {ergonomic}
     bool UseLargePagesIndividualAllocation        = false                                  {pd product} {ergonomic}
     bool UseParallelGC                            = true                                      {product} {command line}

Logging:
Log output configuration:
 #0: stdout all=off uptime,level,tags foldmultilines=false
 #1: stderr all=off uptime,level,tags foldmultilines=false

Environment Variables:
PATH=C:\App\db_home\bin;C:\Program Files\Python312\Scripts\;C:\Program Files\Python312\;C:\Program Files\Common Files\Oracle\Java\javapath;C:\WINDOWS\system32;C:\WINDOWS;C:\WINDOWS\System32\Wbem;C:\WINDOWS\System32\WindowsPowerShell\v1.0\;C:\WINDOWS\System32\OpenSSH\;C:\Program Files\Java\jdk-22\bin;C:\Program Files\dotnet\;C:\Program Files\Git\cmd;C:\ProgramData\chocolatey\bin;C:\Program Files (x86)\Microsoft SQL Server\160\Tools\Binn\;C:\Program Files\Microsoft SQL Server\160\Tools\Binn\;C:\Program Files\Microsoft SQL Server\Client SDK\ODBC\170\Tools\Binn\;C:\Program Files\Microsoft SQL Server\160\DTS\Binn\;C:\Program Files (x86)\Microsoft SQL Server\160\DTS\Binn\;C:\Users\Admin\AppData\Local\Microsoft\WindowsApps;C:\Program Files\JetBrains\IntelliJ IDEA 2024.2.1\bin;;C:\Program Files\JetBrains\IntelliJ IDEA Community Edition 2024.1.1\bin;;C:\Users\Admin\AppData\Local\Programs\Microsoft VS Code\bin;C:\src\flutter\bin;C:\Users\Admin\AppData\Local\Android\Sdk\platform-tools;C:\Users\Admin\.dotnet\tools
USERNAME=Admin
OS=Windows_NT
PROCESSOR_IDENTIFIER=Intel64 Family 6 Model 142 Stepping 12, GenuineIntel
TMP=C:\Users\Admin\AppData\Local\Temp
TEMP=C:\Users\Admin\AppData\Local\Temp




Periodic native trim disabled

---------------  S Y S T E M  ---------------

OS:
 Windows 11 , 64 bit Build 22621 (10.0.22621.4391)
OS uptime: 1 days 11:32 hours
Hyper-V role detected

CPU: total 8 (initial active 8) (4 cores per cpu, 2 threads per core) family 6 model 142 stepping 12 microcode 0xf8, cx8, cmov, fxsr, ht, mmx, 3dnowpref, sse, sse2, sse3, ssse3, sse4.1, sse4.2, popcnt, lzcnt, tsc, tscinvbit, avx, avx2, aes, erms, clmul, bmi1, bmi2, adx, fma, vzeroupper, clflush, clflushopt, hv, rdtscp, f16c
Processor Information for all 8 processors :
  Max Mhz: 1896, Current Mhz: 1596, Mhz Limit: 1592

Memory: 4k page, system-wide physical 8006M (896M free)
TotalPageFile size 15992M (AvailPageFile size 6M)
current process WorkingSet (physical memory assigned to process): 140M, peak: 144M
current process commit charge ("private bytes"): 243M, peak: 248M

vm_info: OpenJDK 64-Bit Server VM (21.0.5+11-LTS) for windows-amd64 JRE (21.0.5+11-LTS), built on 2024-10-15T00:00:00Z by "admin" with MS VC++ 17.7 (VS2022)

END.
